+----------------------------------------------------------------------------------------------------------------------------------------------------------------------------------------------------------------------------------------------------------------------------------------------------------------------------------------------+
|QUERY PLAN                                                                                                                                                                                                                                                                                                                                    |
+----------------------------------------------------------------------------------------------------------------------------------------------------------------------------------------------------------------------------------------------------------------------------------------------------------------------------------------------+
|Limit  (cost=3685652.65..4208319.06 rows=18 width=480)                                                                                                                                                                                                                                                                                        |
|  CTE year_total                                                                                                                                                                                                                                                                                                                              |
|    ->  Append  (cost=1271500.26..3152684.94 rows=10044053 width=255)                                                                                                                                                                                                                                                                         |
|          ->  Finalize GroupAggregate  (cost=1271500.26..2424161.63 rows=7884824 width=255)                                                                                                                                                                                                                                                   |
|                Group Key: customer.c_customer_id, customer.c_first_name, customer.c_last_name, customer.c_preferred_cust_flag, customer.c_birth_country, customer.c_login, customer.c_email_address, date_dim.d_year                                                                                                                         |
|                ->  Gather Merge  (cost=1271500.26..2161334.18 rows=6570686 width=223)                                                                                                                                                                                                                                                        |
|                      Workers Planned: 2                                                                                                                                                                                                                                                                                                      |
|                      ->  Partial GroupAggregate  (cost=1270500.24..1401913.96 rows=3285343 width=223)                                                                                                                                                                                                                                        |
|                            Group Key: customer.c_customer_id, customer.c_first_name, customer.c_last_name, customer.c_preferred_cust_flag, customer.c_birth_country, customer.c_login, customer.c_email_address, date_dim.d_year                                                                                                             |
|                            ->  Sort  (cost=1270500.24..1278713.59 rows=3285343 width=201)                                                                                                                                                                                                                                                    |
|                                  Sort Key: customer.c_customer_id, customer.c_first_name, customer.c_last_name, customer.c_preferred_cust_flag, customer.c_birth_country, customer.c_login, customer.c_email_address, date_dim.d_year                                                                                                        |
|                                  ->  Parallel Hash Join  (cost=11587.32..263607.07 rows=3285343 width=201)                                                                                                                                                                                                                                   |
|                                        Hash Cond: (store_sales.ss_customer_sk = customer.c_customer_sk)                                                                                                                                                                                                                                      |
|                                        ->  Parallel Hash Join  (cost=2390.82..203054.07 rows=3436312 width=18)                                                                                                                                                                                                                               |
|                                              Hash Cond: (store_sales.ss_sold_date_sk = date_dim.d_date_sk)                                                                                                                                                                                                                                   |
|                                              ->  Parallel Seq Scan on store_sales  (cost=0.00..191213.40 rows=3599740 width=18)                                                                                                                                                                                                              |
|                                              ->  Parallel Hash  (cost=1853.70..1853.70 rows=42970 width=8)                                                                                                                                                                                                                                   |
|                                                    ->  Parallel Seq Scan on date_dim  (cost=0.00..1853.70 rows=42970 width=8)                                                                                                                                                                                                                |
|                                        ->  Parallel Hash  (cost=6151.33..6151.33 rows=78333 width=191)                                                                                                                                                                                                                                       |
|                                              ->  Parallel Seq Scan on customer  (cost=0.00..6151.33 rows=78333 width=191)                                                                                                                                                                                                                    |
|          ->  Finalize GroupAggregate  (cost=362651.02..678303.05 rows=2159229 width=255)                                                                                                                                                                                                                                                     |
|                Group Key: customer_1.c_customer_id, customer_1.c_first_name, customer_1.c_last_name, customer_1.c_preferred_cust_flag, customer_1.c_birth_country, customer_1.c_login, customer_1.c_email_address, date_dim_1.d_year                                                                                                         |
|                ->  Gather Merge  (cost=362651.02..606328.74 rows=1799358 width=223)                                                                                                                                                                                                                                                          |
|                      Workers Planned: 2                                                                                                                                                                                                                                                                                                      |
|                      ->  Partial GroupAggregate  (cost=361650.99..397638.15 rows=899679 width=223)                                                                                                                                                                                                                                           |
|                            Group Key: customer_1.c_customer_id, customer_1.c_first_name, customer_1.c_last_name, customer_1.c_preferred_cust_flag, customer_1.c_birth_country, customer_1.c_login, customer_1.c_email_address, date_dim_1.d_year                                                                                             |
|                            ->  Sort  (cost=361650.99..363900.19 rows=899679 width=204)                                                                                                                                                                                                                                                       |
|                                  Sort Key: customer_1.c_customer_id, customer_1.c_first_name, customer_1.c_last_name, customer_1.c_preferred_cust_flag, customer_1.c_birth_country, customer_1.c_login, customer_1.c_email_address, date_dim_1.d_year                                                                                        |
|                                  ->  Parallel Hash Join  (cost=11587.32..94317.01 rows=899679 width=204)                                                                                                                                                                                                                                     |
|                                        Hash Cond: (web_sales.ws_bill_customer_sk = customer_1.c_customer_sk)                                                                                                                                                                                                                                 |
|                                        ->  Parallel Hash Join  (cost=2390.82..70146.33 rows=899859 width=21)                                                                                                                                                                                                                                 |
|                                              Hash Cond: (web_sales.ws_sold_date_sk = date_dim_1.d_date_sk)                                                                                                                                                                                                                                   |
|                                              ->  Parallel Seq Scan on web_sales  (cost=0.00..65392.69 rows=900069 width=21)                                                                                                                                                                                                                  |
|                                              ->  Parallel Hash  (cost=1853.70..1853.70 rows=42970 width=8)                                                                                                                                                                                                                                   |
|                                                    ->  Parallel Seq Scan on date_dim date_dim_1  (cost=0.00..1853.70 rows=42970 width=8)                                                                                                                                                                                                     |
|                                        ->  Parallel Hash  (cost=6151.33..6151.33 rows=78333 width=191)                                                                                                                                                                                                                                       |
|                                              ->  Parallel Seq Scan on customer customer_1  (cost=0.00..6151.33 rows=78333 width=191)                                                                                                                                                                                                         |
|  ->  Incremental Sort  (cost=532967.70..1055634.11 rows=18 width=480)                                                                                                                                                                                                                                                                        |
|        Sort Key: t_s_secyear.customer_id, t_s_secyear.customer_first_name, t_s_secyear.customer_last_name, t_s_secyear.customer_email_address                                                                                                                                                                                                |
|        Presorted Key: t_s_secyear.customer_id                                                                                                                                                                                                                                                                                                |
|        ->  Nested Loop  (cost=502222.66..1055633.30 rows=18 width=480)                                                                                                                                                                                                                                                                       |
|              Join Filter: ((t_s_secyear.customer_id = t_w_firstyear.customer_id) AND (CASE WHEN (t_w_firstyear.year_total > '0'::numeric) THEN (t_w_secyear.year_total / t_w_firstyear.year_total) ELSE 0.0 END > CASE WHEN (t_s_firstyear.year_total > '0'::numeric) THEN (t_s_secyear.year_total / t_s_firstyear.year_total) ELSE 0.0 END))|
|              ->  Nested Loop  (cost=502222.66..779034.61 rows=132 width=712)                                                                                                                                                                                                                                                                 |
|                    Join Filter: (t_s_firstyear.customer_id = t_s_secyear.customer_id)                                                                                                                                                                                                                                                        |
|                    ->  Merge Join  (cost=502222.66..502228.64 rows=315 width=612)                                                                                                                                                                                                                                                            |
|                          Merge Cond: (t_s_secyear.customer_id = t_w_secyear.customer_id)                                                                                                                                                                                                                                                     |
|                          ->  Sort  (cost=251111.33..251111.96 rows=251 width=512)                                                                                                                                                                                                                                                            |
|                                Sort Key: t_s_secyear.customer_id                                                                                                                                                                                                                                                                             |
|                                ->  CTE Scan on year_total t_s_secyear  (cost=0.00..251101.33 rows=251 width=512)                                                                                                                                                                                                                             |
|                                      Filter: ((sale_type = 's'::text) AND (dyear = 2002))                                                                                                                                                                                                                                                    |
|                          ->  Sort  (cost=251111.33..251111.96 rows=251 width=100)                                                                                                                                                                                                                                                            |
|                                Sort Key: t_w_secyear.customer_id                                                                                                                                                                                                                                                                             |
|                                ->  CTE Scan on year_total t_w_secyear  (cost=0.00..251101.33 rows=251 width=100)                                                                                                                                                                                                                             |
|                                      Filter: ((sale_type = 'w'::text) AND (dyear = 2002))                                                                                                                                                                                                                                                    |
|                    ->  CTE Scan on year_total t_s_firstyear  (cost=0.00..276211.46 rows=84 width=100)                                                                                                                                                                                                                                        |
|                          Filter: ((year_total > '0'::numeric) AND (sale_type = 's'::text) AND (dyear = 2001))                                                                                                                                                                                                                                |
|              ->  CTE Scan on year_total t_w_firstyear  (cost=0.00..276211.46 rows=84 width=100)                                                                                                                                                                                                                                              |
|                    Filter: ((year_total > '0'::numeric) AND (sale_type = 'w'::text) AND (dyear = 2001))                                                                                                                                                                                                                                      |
+----------------------------------------------------------------------------------------------------------------------------------------------------------------------------------------------------------------------------------------------------------------------------------------------------------------------------------------------+
