+------------------------------------------------------------------------------------------------------------------------------------------------------------------------------------------------------------------------------------------------------------------------------------------------------------------------------------------------------------------+
|QUERY PLAN                                                                                                                                                                                                                                                                                                                                                        |
+------------------------------------------------------------------------------------------------------------------------------------------------------------------------------------------------------------------------------------------------------------------------------------------------------------------------------------------------------------------+
|Limit  (cost=312238.70..312238.71 rows=1 width=276)                                                                                                                                                                                                                                                                                                               |
|  CTE year_total                                                                                                                                                                                                                                                                                                                                                  |
|    ->  Append  (cost=213103.67..301699.43 rows=100373 width=137)                                                                                                                                                                                                                                                                                                 |
|          ->  Finalize GroupAggregate  (cost=213103.67..223112.19 rows=78795 width=137)                                                                                                                                                                                                                                                                           |
|                Group Key: customer.c_customer_id, customer.c_first_name, customer.c_last_name, date_dim.d_year                                                                                                                                                                                                                                                   |
|                ->  Gather Merge  (cost=213103.67..221503.47 rows=65662 width=105)                                                                                                                                                                                                                                                                                |
|                      Workers Planned: 2                                                                                                                                                                                                                                                                                                                          |
|                      ->  Partial GroupAggregate  (cost=212103.64..212924.42 rows=32831 width=105)                                                                                                                                                                                                                                                                |
|                            Group Key: customer.c_customer_id, customer.c_first_name, customer.c_last_name, date_dim.d_year                                                                                                                                                                                                                                       |
|                            ->  Sort  (cost=212103.64..212185.72 rows=32831 width=79)                                                                                                                                                                                                                                                                             |
|                                  Sort Key: customer.c_customer_id, customer.c_first_name, customer.c_last_name, date_dim.d_year                                                                                                                                                                                                                                  |
|                                  ->  Parallel Hash Join  (cost=203058.98..209640.86 rows=32831 width=79)                                                                                                                                                                                                                                                         |
|                                        Hash Cond: (customer.c_customer_sk = store_sales.ss_customer_sk)                                                                                                                                                                                                                                                          |
|                                        ->  Parallel Seq Scan on customer  (cost=0.00..6151.33 rows=78333 width=73)                                                                                                                                                                                                                                               |
|                                        ->  Parallel Hash  (cost=202629.73..202629.73 rows=34340 width=14)                                                                                                                                                                                                                                                        |
|                                              ->  Parallel Hash Join  (cost=1966.49..202629.73 rows=34340 width=14)                                                                                                                                                                                                                                               |
|                                                    Hash Cond: (store_sales.ss_sold_date_sk = date_dim.d_date_sk)                                                                                                                                                                                                                                                 |
|                                                    ->  Parallel Seq Scan on store_sales  (cost=0.00..191213.40 rows=3599740 width=14)                                                                                                                                                                                                                            |
|                                                    ->  Parallel Hash  (cost=1961.12..1961.12 rows=429 width=8)                                                                                                                                                                                                                                                   |
|                                                          ->  Parallel Seq Scan on date_dim  (cost=0.00..1961.12 rows=429 width=8)                                                                                                                                                                                                                                |
|                                                                Filter: (d_year = ANY ('{2001,2002}'::integer[]))                                                                                                                                                                                                                                                 |
|          ->  Finalize GroupAggregate  (cost=75344.47..78085.37 rows=21578 width=137)                                                                                                                                                                                                                                                                             |
|                Group Key: customer_1.c_customer_id, customer_1.c_first_name, customer_1.c_last_name, date_dim_1.d_year                                                                                                                                                                                                                                           |
|                ->  Gather Merge  (cost=75344.47..77644.81 rows=17982 width=105)                                                                                                                                                                                                                                                                                  |
|                      Workers Planned: 2                                                                                                                                                                                                                                                                                                                          |
|                      ->  Partial GroupAggregate  (cost=74344.45..74569.22 rows=8991 width=105)                                                                                                                                                                                                                                                                   |
|                            Group Key: customer_1.c_customer_id, customer_1.c_first_name, customer_1.c_last_name, date_dim_1.d_year                                                                                                                                                                                                                               |
|                            ->  Sort  (cost=74344.45..74366.92 rows=8991 width=79)                                                                                                                                                                                                                                                                                |
|                                  Sort Key: customer_1.c_customer_id, customer_1.c_first_name, customer_1.c_last_name, date_dim_1.d_year                                                                                                                                                                                                                          |
|                                  ->  Nested Loop  (cost=1966.91..73753.99 rows=8991 width=79)                                                                                                                                                                                                                                                                    |
|                                        ->  Parallel Hash Join  (cost=1966.49..69721.99 rows=8992 width=14)                                                                                                                                                                                                                                                       |
|                                              Hash Cond: (web_sales.ws_sold_date_sk = date_dim_1.d_date_sk)                                                                                                                                                                                                                                                       |
|                                              ->  Parallel Seq Scan on web_sales  (cost=0.00..65392.69 rows=900069 width=14)                                                                                                                                                                                                                                      |
|                                              ->  Parallel Hash  (cost=1961.12..1961.12 rows=429 width=8)                                                                                                                                                                                                                                                         |
|                                                    ->  Parallel Seq Scan on date_dim date_dim_1  (cost=0.00..1961.12 rows=429 width=8)                                                                                                                                                                                                                           |
|                                                          Filter: (d_year = ANY ('{2001,2002}'::integer[]))                                                                                                                                                                                                                                                       |
|                                        ->  Index Scan using customer_pkey on customer customer_1  (cost=0.42..0.45 rows=1 width=73)                                                                                                                                                                                                                              |
|                                              Index Cond: (c_customer_sk = web_sales.ws_bill_customer_sk)                                                                                                                                                                                                                                                         |
|  ->  Sort  (cost=10539.28..10539.28 rows=1 width=276)                                                                                                                                                                                                                                                                                                            |
|        Sort Key: t_s_secyear.customer_first_name, t_s_secyear.customer_id, t_s_secyear.customer_last_name                                                                                                                                                                                                                                                        |
|        ->  Nested Loop  (cost=0.00..10539.27 rows=1 width=276)                                                                                                                                                                                                                                                                                                   |
|              Join Filter: ((t_s_secyear.customer_id = t_w_firstyear.customer_id) AND (CASE WHEN (t_w_firstyear.year_total > '0'::numeric) THEN (t_w_secyear.year_total / t_w_firstyear.year_total) ELSE NULL::numeric END > CASE WHEN (t_s_firstyear.year_total > '0'::numeric) THEN (t_s_secyear.year_total / t_s_firstyear.year_total) ELSE NULL::numeric END))|
|              ->  Nested Loop  (cost=0.00..7778.98 rows=1 width=508)                                                                                                                                                                                                                                                                                              |
|                    Join Filter: (t_s_secyear.customer_id = t_w_secyear.customer_id)                                                                                                                                                                                                                                                                              |
|                    ->  Nested Loop  (cost=0.00..5269.62 rows=1 width=408)                                                                                                                                                                                                                                                                                        |
|                          Join Filter: (t_s_firstyear.customer_id = t_s_secyear.customer_id)                                                                                                                                                                                                                                                                      |
|                          ->  CTE Scan on year_total t_s_firstyear  (cost=0.00..2760.26 rows=1 width=100)                                                                                                                                                                                                                                                         |
|                                Filter: ((year_total > '0'::numeric) AND (sale_type = 's'::text) AND (year = 2001))                                                                                                                                                                                                                                               |
|                          ->  CTE Scan on year_total t_s_secyear  (cost=0.00..2509.33 rows=3 width=308)                                                                                                                                                                                                                                                           |
|                                Filter: ((sale_type = 's'::text) AND (year = 2002))                                                                                                                                                                                                                                                                               |
|                    ->  CTE Scan on year_total t_w_secyear  (cost=0.00..2509.33 rows=3 width=100)                                                                                                                                                                                                                                                                 |
|                          Filter: ((sale_type = 'w'::text) AND (year = 2002))                                                                                                                                                                                                                                                                                     |
|              ->  CTE Scan on year_total t_w_firstyear  (cost=0.00..2760.26 rows=1 width=100)                                                                                                                                                                                                                                                                     |
|                    Filter: ((year_total > '0'::numeric) AND (sale_type = 'w'::text) AND (year = 2001))                                                                                                                                                                                                                                                           |
+------------------------------------------------------------------------------------------------------------------------------------------------------------------------------------------------------------------------------------------------------------------------------------------------------------------------------------------------------------------+
